<?xml version="1.0" encoding="UTF-8"?>
<!-- Generated by org.testng.reporters.JUnitReportReporter -->
<testsuite hostname="HAUSGSGPA0011C" failures="0" tests="1" name="automationPractice.CheckLink" time="52.734" errors="0" timestamp="14 Jul 2018 04:21:00 GMT" skipped="0">
  <testcase classname="automationPractice.CheckLink" name="CheckPageLinks" time="52.734"/>
</testsuite> <!-- automationPractice.CheckLink -->
