<?xml version="1.0" encoding="UTF-8"?>
<!-- Generated by org.testng.reporters.JUnitReportReporter -->
<testsuite hostname="HAUSGSGPA0011C" failures="0" tests="1" name="automationPractice.Excel_ApachePOI" time="0.125" errors="0" timestamp="21 Jun 2018 02:29:21 GMT" skipped="0">
  <testcase classname="automationPractice.Excel_ApachePOI" name="f" time="0.125"/>
</testsuite> <!-- automationPractice.Excel_ApachePOI -->
