<?xml version="1.0" encoding="UTF-8"?>
<!-- Generated by org.testng.reporters.JUnitReportReporter -->
<testsuite hostname="HAUSGSGPA0011C" failures="0" tests="1" name="NewTest" time="40.613" errors="0" timestamp="18 May 2018 09:21:11 GMT" skipped="0">
  <testcase classname="NewTest" name="f" time="40.613"/>
</testsuite> <!-- NewTest -->
