<?xml version="1.0" encoding="UTF-8"?>
<!-- Generated by org.testng.reporters.JUnitReportReporter -->
<testsuite hostname="HAUSGSGPA0011C" failures="0" tests="1" name="automationPractice.OrangeHRM" time="40.917" errors="0" timestamp="21 Jun 2018 03:39:10 GMT" skipped="0">
  <testcase classname="automationPractice.OrangeHRM" name="Loign" time="40.917"/>
</testsuite> <!-- automationPractice.OrangeHRM -->
