<?xml version="1.0" encoding="UTF-8"?>
<!-- Generated by org.testng.reporters.JUnitReportReporter -->
<testsuite hostname="HAUSGSGPA0011C" failures="0" tests="1" name="automationPractice.TakeScreenshot" time="22.181" errors="0" timestamp="18 Apr 2018 04:00:48 GMT" skipped="0">
  <testcase classname="automationPractice.TakeScreenshot" name="TakeScreenshot1" time="22.181"/>
</testsuite> <!-- automationPractice.TakeScreenshot -->
