<?xml version="1.0" encoding="UTF-8"?>
<!-- Generated by org.testng.reporters.JUnitReportReporter -->
<testsuite hostname="HAUSGSGPA0011C" failures="0" tests="1" name="automationPractice.ExcelRead_JExcel" time="0.210" errors="0" timestamp="26 Apr 2018 07:54:13 GMT" skipped="0">
  <testcase classname="automationPractice.ExcelRead_JExcel" name="TestReadData" time="0.210"/>
</testsuite> <!-- automationPractice.ExcelRead_JExcel -->
